<?xml version="1.0" encoding="UTF-8"?>
<!-- Generated by org.testng.reporters.JUnitReportReporter -->
<testsuite hostname="lin33001588" failures="0" tests="2" name="TestNg.UsingTestNG" time="10.298" errors="0" timestamp="2022-05-26T20:11:49 IST" skipped="0">
  <testcase classname="TestNg.UsingTestNG" name="m1" time="5.911"/>
  <system-out/>
  <testcase classname="TestNg.UsingTestNG" name="m2" time="4.387"/>
  <system-out/>
</testsuite> <!-- TestNg.UsingTestNG -->
