<?xml version="1.0" encoding="UTF-8"?>
<!-- Generated by org.testng.reporters.JUnitReportReporter -->
<testsuite hostname="lin33001588" failures="0" tests="3" name="TestNg.Grouping" time="8.703" errors="0" timestamp="2022-05-27T20:58:36 IST" skipped="0">
  <testcase classname="TestNg.Grouping" name="forgetuserlink" time="3.412"/>
  <system-out/>
  <testcase classname="TestNg.Grouping" name="KiteLoginpageTitle" time="2.614"/>
  <system-out/>
  <testcase classname="TestNg.Grouping" name="kitelogoTest" time="2.677"/>
  <system-out/>
</testsuite> <!-- TestNg.Grouping -->
