<?xml version="1.0" encoding="UTF-8"?>
<!-- Generated by org.testng.reporters.JUnitReportReporter -->
<testsuite hostname="lin33001588" failures="0" tests="3" name="TestNg.TestNgAnnotations" time="0.010" errors="0" timestamp="2022-05-26T20:35:38 IST" skipped="0">
  <testcase classname="TestNg.TestNgAnnotations" name="GoogleTitleTest" time="0.006"/>
  <system-out/>
  <testcase classname="TestNg.TestNgAnnotations" name="SerachText" time="0.003"/>
  <system-out/>
  <testcase classname="TestNg.TestNgAnnotations" name="googleLogo" time="0.001"/>
  <system-out/>
</testsuite> <!-- TestNg.TestNgAnnotations -->
