<?xml version="1.0" encoding="UTF-8"?>
<!-- Generated by org.testng.reporters.JUnitReportReporter -->
<testsuite hostname="lin33001588" failures="0" tests="2" name="ParallelTesting.Test4" time="39.319" errors="0" timestamp="2022-05-30T20:19:23 IST" skipped="0">
  <testcase classname="ParallelTesting.Test4" name="Module1" time="8.409"/>
  <system-out/>
  <testcase classname="ParallelTesting.Test4" name="Module2" time="30.910"/>
  <system-out/>
</testsuite> <!-- ParallelTesting.Test4 -->
