<?xml version="1.0" encoding="UTF-8"?>
<!-- Generated by org.testng.reporters.JUnitReportReporter -->
<testsuite hostname="lin33001588" failures="0" tests="1" name="ParallelTesting.Test2" time="10.566" errors="0" timestamp="2022-05-30T16:40:51 IST" skipped="0">
  <testcase classname="ParallelTesting.Test2" name="Module2" time="10.566"/>
  <system-out/>
</testsuite> <!-- ParallelTesting.Test2 -->
