<?xml version="1.0" encoding="UTF-8"?>
<!-- Generated by org.testng.reporters.JUnitReportReporter -->
<testsuite hostname="lin33001588" failures="0" tests="2" name="TestNg.EmaliableReport" time="0.014" errors="0" timestamp="2022-05-27T20:13:31 IST" skipped="0">
  <testcase classname="TestNg.EmaliableReport" name="SearchTest" time="0.013"/>
  <system-out>
    <![CDATA[Running Testcase2]]>
  </system-out>
  <testcase classname="TestNg.EmaliableReport" name="google" time="0.001"/>
  <system-out>
    <![CDATA[Running Testcase1]]>
  </system-out>
</testsuite> <!-- TestNg.EmaliableReport -->
