<?xml version="1.0" encoding="UTF-8"?>
<!-- Generated by org.testng.reporters.JUnitReportReporter -->
<testsuite hostname="lin33001588" failures="0" tests="1" name="ParallelTesting.Test3" time="8.178" errors="0" timestamp="2022-05-30T16:40:51 IST" skipped="0">
  <testcase classname="ParallelTesting.Test3" name="Module3" time="8.178"/>
  <system-out/>
</testsuite> <!-- ParallelTesting.Test3 -->
