<?xml version="1.0" encoding="UTF-8"?>
<!-- Generated by org.testng.reporters.JUnitReportReporter -->
<testsuite hostname="lin33001588" failures="0" tests="6" name="TestNg.KiteTest2Priority" time="22.453" errors="0" timestamp="2022-05-26T21:08:43 IST" skipped="0">
  <testcase classname="TestNg.KiteTest2Priority" name="test3" time="3.702"/>
  <system-out/>
  <testcase classname="TestNg.KiteTest2Priority" name="test2" time="3.531"/>
  <system-out/>
  <testcase classname="TestNg.KiteTest2Priority" name="forgetuserlink" time="3.555"/>
  <system-out/>
  <testcase classname="TestNg.KiteTest2Priority" name="test1" time="3.622"/>
  <system-out/>
  <testcase classname="TestNg.KiteTest2Priority" name="kitelogoTest" time="4.511"/>
  <system-out/>
  <testcase classname="TestNg.KiteTest2Priority" name="KiteLoginpageTitle" time="3.532"/>
  <system-out/>
</testsuite> <!-- TestNg.KiteTest2Priority -->
