<?xml version="1.0" encoding="UTF-8"?>
<!-- Generated by org.testng.reporters.JUnitReportReporter -->
<testsuite hostname="lin33001588" failures="0" tests="100" name="TestNg.Invocationcount" time="0.078" errors="0" timestamp="2022-05-27T20:43:56 IST" skipped="0">
  <testcase classname="TestNg.Invocationcount" name="sum" time="0.001"/>
  <system-out/>
  <testcase classname="TestNg.Invocationcount" name="sum" time="0.000"/>
  <system-out/>
  <testcase classname="TestNg.Invocationcount" name="sum" time="0.001"/>
  <system-out/>
  <testcase classname="TestNg.Invocationcount" name="sum" time="0.001"/>
  <system-out/>
  <testcase classname="TestNg.Invocationcount" name="sum" time="0.001"/>
  <system-out/>
  <testcase classname="TestNg.Invocationcount" name="sum" time="0.001"/>
  <system-out/>
  <testcase classname="TestNg.Invocationcount" name="sum" time="0.000"/>
  <system-out/>
  <testcase classname="TestNg.Invocationcount" name="sum" time="0.001"/>
  <system-out/>
  <testcase classname="TestNg.Invocationcount" name="sum" time="0.000"/>
  <system-out/>
  <testcase classname="TestNg.Invocationcount" name="sum" time="0.000"/>
  <system-out/>
  <testcase classname="TestNg.Invocationcount" name="sum" time="0.000"/>
  <system-out/>
  <testcase classname="TestNg.Invocationcount" name="sum" time="0.001"/>
  <system-out/>
  <testcase classname="TestNg.Invocationcount" name="sum" time="0.000"/>
  <system-out/>
  <testcase classname="TestNg.Invocationcount" name="sum" time="0.001"/>
  <system-out/>
  <testcase classname="TestNg.Invocationcount" name="sum" time="0.001"/>
  <system-out/>
  <testcase classname="TestNg.Invocationcount" name="sum" time="0.001"/>
  <system-out/>
  <testcase classname="TestNg.Invocationcount" name="sum" time="0.000"/>
  <system-out/>
  <testcase classname="TestNg.Invocationcount" name="sum" time="0.000"/>
  <system-out/>
  <testcase classname="TestNg.Invocationcount" name="sum" time="0.000"/>
  <system-out/>
  <testcase classname="TestNg.Invocationcount" name="sum" time="0.001"/>
  <system-out/>
  <testcase classname="TestNg.Invocationcount" name="sum" time="0.001"/>
  <system-out/>
  <testcase classname="TestNg.Invocationcount" name="sum" time="0.001"/>
  <system-out/>
  <testcase classname="TestNg.Invocationcount" name="sum" time="0.000"/>
  <system-out/>
  <testcase classname="TestNg.Invocationcount" name="sum" time="0.000"/>
  <system-out/>
  <testcase classname="TestNg.Invocationcount" name="sum" time="0.002"/>
  <system-out/>
  <testcase classname="TestNg.Invocationcount" name="sum" time="0.001"/>
  <system-out/>
  <testcase classname="TestNg.Invocationcount" name="sum" time="0.001"/>
  <system-out/>
  <testcase classname="TestNg.Invocationcount" name="sum" time="0.000"/>
  <system-out/>
  <testcase classname="TestNg.Invocationcount" name="sum" time="0.000"/>
  <system-out/>
  <testcase classname="TestNg.Invocationcount" name="sum" time="0.001"/>
  <system-out/>
  <testcase classname="TestNg.Invocationcount" name="sum" time="0.001"/>
  <system-out/>
  <testcase classname="TestNg.Invocationcount" name="sum" time="0.001"/>
  <system-out/>
  <testcase classname="TestNg.Invocationcount" name="sum" time="0.001"/>
  <system-out/>
  <testcase classname="TestNg.Invocationcount" name="sum" time="0.000"/>
  <system-out/>
  <testcase classname="TestNg.Invocationcount" name="sum" time="0.001"/>
  <system-out/>
  <testcase classname="TestNg.Invocationcount" name="sum" time="0.002"/>
  <system-out/>
  <testcase classname="TestNg.Invocationcount" name="sum" time="0.001"/>
  <system-out/>
  <testcase classname="TestNg.Invocationcount" name="sum" time="0.001"/>
  <system-out/>
  <testcase classname="TestNg.Invocationcount" name="sum" time="0.001"/>
  <system-out/>
  <testcase classname="TestNg.Invocationcount" name="sum" time="0.005"/>
  <system-out/>
  <testcase classname="TestNg.Invocationcount" name="sum" time="0.001"/>
  <system-out/>
  <testcase classname="TestNg.Invocationcount" name="sum" time="0.000"/>
  <system-out/>
  <testcase classname="TestNg.Invocationcount" name="sum" time="0.001"/>
  <system-out/>
  <testcase classname="TestNg.Invocationcount" name="sum" time="0.000"/>
  <system-out/>
  <testcase classname="TestNg.Invocationcount" name="sum" time="0.001"/>
  <system-out/>
  <testcase classname="TestNg.Invocationcount" name="sum" time="0.001"/>
  <system-out/>
  <testcase classname="TestNg.Invocationcount" name="sum" time="0.001"/>
  <system-out/>
  <testcase classname="TestNg.Invocationcount" name="sum" time="0.000"/>
  <system-out/>
  <testcase classname="TestNg.Invocationcount" name="sum" time="0.000"/>
  <system-out/>
  <testcase classname="TestNg.Invocationcount" name="sum" time="0.001"/>
  <system-out/>
  <testcase classname="TestNg.Invocationcount" name="sum" time="0.000"/>
  <system-out/>
  <testcase classname="TestNg.Invocationcount" name="sum" time="0.001"/>
  <system-out/>
  <testcase classname="TestNg.Invocationcount" name="sum" time="0.001"/>
  <system-out/>
  <testcase classname="TestNg.Invocationcount" name="sum" time="0.001"/>
  <system-out/>
  <testcase classname="TestNg.Invocationcount" name="sum" time="0.001"/>
  <system-out/>
  <testcase classname="TestNg.Invocationcount" name="sum" time="0.001"/>
  <system-out/>
  <testcase classname="TestNg.Invocationcount" name="sum" time="0.001"/>
  <system-out/>
  <testcase classname="TestNg.Invocationcount" name="sum" time="0.001"/>
  <system-out/>
  <testcase classname="TestNg.Invocationcount" name="sum" time="0.001"/>
  <system-out/>
  <testcase classname="TestNg.Invocationcount" name="sum" time="0.001"/>
  <system-out/>
  <testcase classname="TestNg.Invocationcount" name="sum" time="0.000"/>
  <system-out/>
  <testcase classname="TestNg.Invocationcount" name="sum" time="0.002"/>
  <system-out/>
  <testcase classname="TestNg.Invocationcount" name="sum" time="0.000"/>
  <system-out/>
  <testcase classname="TestNg.Invocationcount" name="sum" time="0.001"/>
  <system-out/>
  <testcase classname="TestNg.Invocationcount" name="sum" time="0.001"/>
  <system-out/>
  <testcase classname="TestNg.Invocationcount" name="sum" time="0.001"/>
  <system-out/>
  <testcase classname="TestNg.Invocationcount" name="sum" time="0.000"/>
  <system-out/>
  <testcase classname="TestNg.Invocationcount" name="sum" time="0.011"/>
  <system-out/>
  <testcase classname="TestNg.Invocationcount" name="sum" time="0.001"/>
  <system-out/>
  <testcase classname="TestNg.Invocationcount" name="sum" time="0.001"/>
  <system-out/>
  <testcase classname="TestNg.Invocationcount" name="sum" time="0.001"/>
  <system-out/>
  <testcase classname="TestNg.Invocationcount" name="sum" time="0.000"/>
  <system-out/>
  <testcase classname="TestNg.Invocationcount" name="sum" time="0.000"/>
  <system-out/>
  <testcase classname="TestNg.Invocationcount" name="sum" time="0.000"/>
  <system-out/>
  <testcase classname="TestNg.Invocationcount" name="sum" time="0.000"/>
  <system-out/>
  <testcase classname="TestNg.Invocationcount" name="sum" time="0.000"/>
  <system-out/>
  <testcase classname="TestNg.Invocationcount" name="sum" time="0.002"/>
  <system-out/>
  <testcase classname="TestNg.Invocationcount" name="sum" time="0.001"/>
  <system-out/>
  <testcase classname="TestNg.Invocationcount" name="sum" time="0.000"/>
  <system-out/>
  <testcase classname="TestNg.Invocationcount" name="sum" time="0.000"/>
  <system-out/>
  <testcase classname="TestNg.Invocationcount" name="sum" time="0.001"/>
  <system-out/>
  <testcase classname="TestNg.Invocationcount" name="sum" time="0.000"/>
  <system-out/>
  <testcase classname="TestNg.Invocationcount" name="sum" time="0.000"/>
  <system-out/>
  <testcase classname="TestNg.Invocationcount" name="sum" time="0.000"/>
  <system-out/>
  <testcase classname="TestNg.Invocationcount" name="sum" time="0.000"/>
  <system-out/>
  <testcase classname="TestNg.Invocationcount" name="sum" time="0.000"/>
  <system-out/>
  <testcase classname="TestNg.Invocationcount" name="sum" time="0.001"/>
  <system-out/>
  <testcase classname="TestNg.Invocationcount" name="sum" time="0.001"/>
  <system-out/>
  <testcase classname="TestNg.Invocationcount" name="sum" time="0.000"/>
  <system-out/>
  <testcase classname="TestNg.Invocationcount" name="sum" time="0.001"/>
  <system-out/>
  <testcase classname="TestNg.Invocationcount" name="sum" time="0.001"/>
  <system-out/>
  <testcase classname="TestNg.Invocationcount" name="sum" time="0.001"/>
  <system-out/>
  <testcase classname="TestNg.Invocationcount" name="sum" time="0.000"/>
  <system-out/>
  <testcase classname="TestNg.Invocationcount" name="sum" time="0.001"/>
  <system-out/>
  <testcase classname="TestNg.Invocationcount" name="sum" time="0.000"/>
  <system-out/>
  <testcase classname="TestNg.Invocationcount" name="sum" time="0.001"/>
  <system-out/>
  <testcase classname="TestNg.Invocationcount" name="sum" time="0.000"/>
  <system-out/>
  <testcase classname="TestNg.Invocationcount" name="sum" time="0.000"/>
  <system-out/>
  <testcase classname="TestNg.Invocationcount" name="sum" time="0.000"/>
  <system-out/>
  <testcase classname="TestNg.Invocationcount" name="sum" time="0.001"/>
  <system-out/>
</testsuite> <!-- TestNg.Invocationcount -->
