<?xml version="1.0" encoding="UTF-8"?>
<!-- Generated by org.testng.reporters.JUnitReportReporter -->
<testsuite hostname="lin33001588" failures="0" tests="3" name="TestNg.KiteTestEnable" time="14.510" errors="0" timestamp="2022-05-26T21:15:38 IST" skipped="0">
  <testcase classname="TestNg.KiteTestEnable" name="KiteLoginpageTitle" time="4.595"/>
  <system-out/>
  <testcase classname="TestNg.KiteTestEnable" name="kitelogoTest" time="5.422"/>
  <system-out/>
  <testcase classname="TestNg.KiteTestEnable" name="forgetuserlink" time="4.493"/>
  <system-out/>
</testsuite> <!-- TestNg.KiteTestEnable -->
