<?xml version="1.0" encoding="UTF-8"?>
<!-- Generated by org.testng.reporters.JUnitReportReporter -->
<testsuite hostname="lin33001588" failures="0" tests="3" name="TestNg.KiteTest1" time="7.492" errors="0" timestamp="2022-05-27T01:23:07 IST" skipped="0">
  <testcase classname="TestNg.KiteTest1" name="KiteLoginpageTitle" time="1.984"/>
  <system-out/>
  <testcase classname="TestNg.KiteTest1" name="kitelogoTest" time="3.167"/>
  <system-out/>
  <testcase classname="TestNg.KiteTest1" name="forgetuserlink" time="2.341"/>
  <system-out/>
</testsuite> <!-- TestNg.KiteTest1 -->
