<?xml version="1.0" encoding="UTF-8"?>
<!-- Generated by org.testng.reporters.JUnitReportReporter -->
<testsuite hostname="lin33001588" failures="0" tests="12" name="TestNg.KiteTest1" time="33.902" errors="0" timestamp="2022-05-27T20:45:11 IST" skipped="0">
  <testcase classname="TestNg.KiteTest1" name="KiteLoginpageTitle" time="2.563"/>
  <system-out/>
  <testcase classname="TestNg.KiteTest1" name="KiteLoginpageTitle" time="2.675"/>
  <system-out/>
  <testcase classname="TestNg.KiteTest1" name="KiteLoginpageTitle" time="2.888"/>
  <system-out/>
  <testcase classname="TestNg.KiteTest1" name="KiteLoginpageTitle" time="2.631"/>
  <system-out/>
  <testcase classname="TestNg.KiteTest1" name="kitelogoTest" time="2.627"/>
  <system-out/>
  <testcase classname="TestNg.KiteTest1" name="forgetuserlink" time="2.692"/>
  <system-out/>
  <testcase classname="TestNg.KiteTest1" name="KiteLoginpageTitle" time="2.646"/>
  <system-out/>
  <testcase classname="TestNg.KiteTest1" name="KiteLoginpageTitle" time="2.554"/>
  <system-out/>
  <testcase classname="TestNg.KiteTest1" name="KiteLoginpageTitle" time="4.640"/>
  <system-out/>
  <testcase classname="TestNg.KiteTest1" name="KiteLoginpageTitle" time="2.502"/>
  <system-out/>
  <testcase classname="TestNg.KiteTest1" name="KiteLoginpageTitle" time="2.646"/>
  <system-out/>
  <testcase classname="TestNg.KiteTest1" name="KiteLoginpageTitle" time="2.838"/>
  <system-out/>
</testsuite> <!-- TestNg.KiteTest1 -->
