<?xml version="1.0" encoding="UTF-8"?>
<!-- Generated by org.testng.reporters.JUnitReportReporter -->
<testsuite hostname="lin33001588" failures="0" tests="4" name="TestNg.DependsonMethod" time="0.013" errors="0" timestamp="2022-05-27T20:38:23 IST" skipped="0">
  <testcase classname="TestNg.DependsonMethod" name="RegPage" time="0.001"/>
  <system-out/>
  <testcase classname="TestNg.DependsonMethod" name="SearchpageTest" time="0.001"/>
  <system-out/>
  <testcase classname="TestNg.DependsonMethod" name="loginTest" time="0.010"/>
  <system-out/>
  <testcase classname="TestNg.DependsonMethod" name="Homepage" time="0.001"/>
  <system-out/>
</testsuite> <!-- TestNg.DependsonMethod -->
