<?xml version="1.0" encoding="UTF-8"?>
<!-- Generated by org.testng.reporters.JUnitReportReporter -->
<testsuite hostname="lin33001588" failures="0" tests="1" name="TestNg.ExpectedException" time="0.013" errors="0" timestamp="2022-05-27T20:18:36 IST" skipped="0">
  <testcase classname="TestNg.ExpectedException" name="Test" time="0.013"/>
  <system-out/>
</testsuite> <!-- TestNg.ExpectedException -->
