<?xml version="1.0" encoding="UTF-8"?>
<!-- Generated by org.testng.reporters.JUnitReportReporter -->
<testsuite hostname="lin33001588" failures="0" tests="1" name="CrossBrowserTesting.Test1" time="21.093" errors="0" timestamp="2022-05-31T12:58:50 IST" skipped="0">
  <testcase classname="CrossBrowserTesting.Test1" name="KiteLogin" time="21.093"/>
  <system-out/>
</testsuite> <!-- CrossBrowserTesting.Test1 -->
