<?xml version="1.0" encoding="UTF-8"?>
<!-- Generated by org.testng.reporters.JUnitReportReporter -->
<testsuite hostname="lin33001588" failures="0" tests="1" name="com.kite.qa.TestCases.HomePageTest" time="16.154" errors="0" timestamp="2022-06-03T20:24:55 IST" skipped="0">
  <testcase classname="com.kite.qa.TestCases.HomePageTest" name="LoginPageTitleTest" time="16.154"/>
  <system-out/>
</testsuite> <!-- com.kite.qa.TestCases.HomePageTest -->
