<?xml version="1.0" encoding="UTF-8"?>
<!-- Generated by org.testng.reporters.JUnitReportReporter -->
<testsuite hostname="lin33001588" failures="0" tests="3" name="com.kite.qa.TestCases.LoginPageTest" time="35.888" errors="0" timestamp="2022-06-03T20:24:55 IST" skipped="0">
  <testcase classname="com.kite.qa.TestCases.LoginPageTest" name="loginTest" time="13.749"/>
  <system-out/>
  <testcase classname="com.kite.qa.TestCases.LoginPageTest" name="LoginPageTitleTest" time="7.505"/>
  <system-out/>
  <testcase classname="com.kite.qa.TestCases.LoginPageTest" name="KiteUserID" time="14.634"/>
  <system-out/>
</testsuite> <!-- com.kite.qa.TestCases.LoginPageTest -->
